2025-06-02 21:41:19,366 [INFO] Соединение с Binance установлено. Время сервера: 2025-06-02 21:41:17.371000
2025-06-02 21:41:19,366 [INFO] Запуск с Telegram интеграцией...
2025-06-02 21:41:19,789 [INFO] Загрузка исторических данных для ETHUSDT
2025-06-02 21:41:20,160 [INFO] Обучение модели для ETHUSDT
2025-06-02 21:41:20,176 [INFO] Обучение модели rf
2025-06-02 21:41:20,288 [INFO] Обучение модели xgb
2025-06-02 21:41:20,446 [INFO] Fold 1 AUC: 0.5371
2025-06-02 21:41:20,446 [INFO] Обучение модели rf
2025-06-02 21:41:20,584 [INFO] Обучение модели xgb
2025-06-02 21:41:20,670 [INFO] Fold 2 AUC: 0.5110
2025-06-02 21:41:20,670 [INFO] Обучение модели rf
2025-06-02 21:41:20,808 [INFO] Обучение модели xgb
2025-06-02 21:41:20,904 [INFO] Fold 3 AUC: 0.5754
2025-06-02 21:41:20,905 [INFO] Обучение модели rf
2025-06-02 21:41:21,044 [INFO] Обучение модели xgb
2025-06-02 21:41:21,192 [INFO] Fold 4 AUC: 0.6236
2025-06-02 21:41:21,193 [INFO] Обучение модели rf
2025-06-02 21:41:21,347 [INFO] Обучение модели xgb
2025-06-02 21:41:21,455 [INFO] Fold 5 AUC: 0.6354
2025-06-02 21:41:21,455 [INFO] Модель обучена. Лучший AUC: 0.6354
2025-06-02 21:41:21,459 [INFO] Топ-10 важных признаков:
                feature  importance
37       price_position    0.039682
7          volume_lag_4    0.032354
9          volume_lag_5    0.027070
48       trend_strength    0.026106
38       high_low_ratio    0.023926
33  volatility_ratio_20    0.023916
34            volume_ma    0.023819
18           return_30m    0.023109
10            return_1m    0.022977
52          momentum_20    0.022923
2025-06-02 21:41:21,460 [INFO] Валидация модели для ETHUSDT
2025-06-02 21:41:21,469 [INFO] Запуск упрощенного бэктеста
2025-06-02 21:41:27,653 [INFO] Упрощенный бэктест завершен, сделок: 36
2025-06-02 21:41:27,654 [INFO] Результаты бэктеста для ETHUSDT: WR=55.56%, PF=0.74, Сделок=36
2025-06-02 21:41:27,654 [INFO] Модель для ETHUSDT добавлена
2025-06-02 21:41:27,654 [INFO] Успешно обучены модели для 1 символов: ['ETHUSDT']
2025-06-02 21:41:27,654 [INFO] Обновление корреляций...
2025-06-02 21:41:27,983 [WARNING] Недостаточно данных для расчета корреляций
2025-06-02 21:41:27,983 [INFO] Корреляции обновлены
2025-06-02 21:41:27,983 [INFO] Модели успешно инициализированы
2025-06-02 21:41:28,277 [ERROR] Ошибка получения баланса: APIError(code=-1021): Timestamp for this request was 1000ms ahead of the server's time.
2025-06-02 21:41:28,568 [INFO] HTTP Request: POST https://api.telegram.org/bot7845225008:AAG86ydZRTucCHIYtrksBwq46O-FDazF5-8/sendMessage "HTTP/1.1 200 OK"
2025-06-02 21:41:28,568 [INFO] Улучшенный торговый цикл запущен
2025-06-02 21:41:28,900 [WARNING] Недостаточно данных для расчета корреляций
2025-06-02 21:41:28,901 [INFO] Анализ символа: ETHUSDT
2025-06-02 21:41:29,210 [INFO] Рыночный режим для ETHUSDT: ranging, волатильность: 59.6%
2025-06-02 21:41:29,238 [INFO] ML-прогноз для ETHUSDT: вероятность роста 0.3649, порог 0.5598, уверенность 0.27
2025-06-02 21:41:29,238 [INFO] Сигнал для ETHUSDT: HOLD, сила: 0.14, финальная уверенность: 0.04
2025-06-02 21:41:29,238 [INFO] Причина: Слабый сигнал: -0.55, сила: 0.14
2025-06-02 21:41:29,239 [INFO] Слабый сигнал для ETHUSDT, пропускаем
2025-06-02 21:41:29,319 [INFO] HTTP Request: POST https://api.telegram.org/bot7845225008:AAG86ydZRTucCHIYtrksBwq46O-FDazF5-8/getMe "HTTP/1.1 200 OK"
2025-06-02 21:41:29,319 [INFO] Application started
2025-06-02 21:41:29,405 [INFO] HTTP Request: POST https://api.telegram.org/bot7845225008:AAG86ydZRTucCHIYtrksBwq46O-FDazF5-8/deleteWebhook "HTTP/1.1 200 OK"
2025-06-02 21:41:39,659 [INFO] HTTP Request: POST https://api.telegram.org/bot7845225008:AAG86ydZRTucCHIYtrksBwq46O-FDazF5-8/getUpdates "HTTP/1.1 200 OK"
2025-06-02 21:41:49,740 [INFO] HTTP Request: POST https://api.telegram.org/bot7845225008:AAG86ydZRTucCHIYtrksBwq46O-FDazF5-8/getUpdates "HTTP/1.1 200 OK"
2025-06-02 21:41:59,824 [INFO] HTTP Request: POST https://api.telegram.org/bot7845225008:AAG86ydZRTucCHIYtrksBwq46O-FDazF5-8/getUpdates "HTTP/1.1 200 OK"
2025-06-02 21:42:09,906 [INFO] HTTP Request: POST https://api.telegram.org/bot7845225008:AAG86ydZRTucCHIYtrksBwq46O-FDazF5-8/getUpdates "HTTP/1.1 200 OK"
2025-06-02 21:42:19,990 [INFO] HTTP Request: POST https://api.telegram.org/bot7845225008:AAG86ydZRTucCHIYtrksBwq46O-FDazF5-8/getUpdates "HTTP/1.1 200 OK"
2025-06-02 21:42:29,579 [WARNING] Недостаточно данных для расчета корреляций
2025-06-02 21:42:29,579 [INFO] Анализ символа: ETHUSDT
2025-06-02 21:42:29,887 [INFO] Рыночный режим для ETHUSDT: ranging, волатильность: 59.6%
2025-06-02 21:42:29,915 [INFO] ML-прогноз для ETHUSDT: вероятность роста 0.3649, порог 0.5598, уверенность 0.27
2025-06-02 21:42:29,915 [INFO] Сигнал для ETHUSDT: HOLD, сила: 0.14, финальная уверенность: 0.04
2025-06-02 21:42:29,915 [INFO] Причина: Слабый сигнал: -0.54, сила: 0.14
2025-06-02 21:42:29,916 [INFO] Слабый сигнал для ETHUSDT, пропускаем
2025-06-02 21:42:30,074 [INFO] HTTP Request: POST https://api.telegram.org/bot7845225008:AAG86ydZRTucCHIYtrksBwq46O-FDazF5-8/getUpdates "HTTP/1.1 200 OK"
2025-06-02 21:42:40,157 [INFO] HTTP Request: POST https://api.telegram.org/bot7845225008:AAG86ydZRTucCHIYtrksBwq46O-FDazF5-8/getUpdates "HTTP/1.1 200 OK"
2025-06-02 21:42:50,240 [INFO] HTTP Request: POST https://api.telegram.org/bot7845225008:AAG86ydZRTucCHIYtrksBwq46O-FDazF5-8/getUpdates "HTTP/1.1 200 OK"
2025-06-02 21:43:00,326 [INFO] HTTP Request: POST https://api.telegram.org/bot7845225008:AAG86ydZRTucCHIYtrksBwq46O-FDazF5-8/getUpdates "HTTP/1.1 200 OK"
2025-06-02 21:43:10,409 [INFO] HTTP Request: POST https://api.telegram.org/bot7845225008:AAG86ydZRTucCHIYtrksBwq46O-FDazF5-8/getUpdates "HTTP/1.1 200 OK"
2025-06-02 21:43:20,495 [INFO] HTTP Request: POST https://api.telegram.org/bot7845225008:AAG86ydZRTucCHIYtrksBwq46O-FDazF5-8/getUpdates "HTTP/1.1 200 OK"
2025-06-02 21:43:30,262 [WARNING] Недостаточно данных для расчета корреляций
2025-06-02 21:43:30,262 [INFO] Анализ символа: ETHUSDT
2025-06-02 21:43:30,579 [INFO] Рыночный режим для ETHUSDT: ranging, волатильность: 59.6%
2025-06-02 21:43:30,609 [INFO] ML-прогноз для ETHUSDT: вероятность роста 0.3649, порог 0.5598, уверенность 0.27
2025-06-02 21:43:30,609 [INFO] Сигнал для ETHUSDT: HOLD, сила: 0.14, финальная уверенность: 0.04
2025-06-02 21:43:30,609 [INFO] Причина: Слабый сигнал: -0.55, сила: 0.14
2025-06-02 21:43:30,610 [INFO] Слабый сигнал для ETHUSDT, пропускаем
2025-06-02 21:43:30,610 [INFO] HTTP Request: POST https://api.telegram.org/bot7845225008:AAG86ydZRTucCHIYtrksBwq46O-FDazF5-8/getUpdates "HTTP/1.1 200 OK"
2025-06-02 21:43:40,703 [INFO] HTTP Request: POST https://api.telegram.org/bot7845225008:AAG86ydZRTucCHIYtrksBwq46O-FDazF5-8/getUpdates "HTTP/1.1 200 OK"
2025-06-02 21:43:44,784 [INFO] HTTP Request: POST https://api.telegram.org/bot7845225008:AAG86ydZRTucCHIYtrksBwq46O-FDazF5-8/getUpdates "HTTP/1.1 200 OK"
2025-06-02 21:43:45,072 [ERROR] Ошибка получения баланса: APIError(code=-1021): Timestamp for this request was 1000ms ahead of the server's time.
2025-06-02 21:43:45,073 [ERROR] Ошибка получения статуса: float division by zero
2025-06-02 21:43:45,352 [INFO] HTTP Request: POST https://api.telegram.org/bot7845225008:AAG86ydZRTucCHIYtrksBwq46O-FDazF5-8/sendMessage "HTTP/1.1 200 OK"
2025-06-02 21:43:48,585 [INFO] HTTP Request: POST https://api.telegram.org/bot7845225008:AAG86ydZRTucCHIYtrksBwq46O-FDazF5-8/getUpdates "HTTP/1.1 200 OK"
2025-06-02 21:43:48,768 [INFO] HTTP Request: POST https://api.telegram.org/bot7845225008:AAG86ydZRTucCHIYtrksBwq46O-FDazF5-8/sendMessage "HTTP/1.1 200 OK"
2025-06-02 21:43:58,669 [INFO] HTTP Request: POST https://api.telegram.org/bot7845225008:AAG86ydZRTucCHIYtrksBwq46O-FDazF5-8/getUpdates "HTTP/1.1 200 OK"
2025-06-02 21:43:59,133 [INFO] HTTP Request: POST https://api.telegram.org/bot7845225008:AAG86ydZRTucCHIYtrksBwq46O-FDazF5-8/getUpdates "HTTP/1.1 200 OK"
2025-06-02 21:43:59,376 [INFO] HTTP Request: POST https://api.telegram.org/bot7845225008:AAG86ydZRTucCHIYtrksBwq46O-FDazF5-8/sendMessage "HTTP/1.1 200 OK"
2025-06-02 21:44:06,959 [INFO] HTTP Request: POST https://api.telegram.org/bot7845225008:AAG86ydZRTucCHIYtrksBwq46O-FDazF5-8/getUpdates "HTTP/1.1 200 OK"
2025-06-02 21:44:07,385 [INFO] HTTP Request: POST https://api.telegram.org/bot7845225008:AAG86ydZRTucCHIYtrksBwq46O-FDazF5-8/sendMessage "HTTP/1.1 200 OK"
2025-06-02 21:44:41,892 [INFO] HTTP Request: POST https://api.telegram.org/bot7845225008:AAG86ydZRTucCHIYtrksBwq46O-FDazF5-8/getUpdates "HTTP/1.1 200 OK"
2025-06-02 21:44:42,223 [WARNING] Недостаточно данных для расчета корреляций
2025-06-02 21:44:42,224 [INFO] Анализ символа: ETHUSDT
2025-06-02 21:44:42,531 [INFO] Рыночный режим для ETHUSDT: ranging, волатильность: 59.6%
2025-06-02 21:44:42,558 [INFO] ML-прогноз для ETHUSDT: вероятность роста 0.3649, порог 0.5598, уверенность 0.27
2025-06-02 21:44:42,559 [INFO] Сигнал для ETHUSDT: HOLD, сила: 0.14, финальная уверенность: 0.04
2025-06-02 21:44:42,559 [INFO] Причина: Слабый сигнал: -0.55, сила: 0.14
2025-06-02 21:44:42,560 [INFO] Слабый сигнал для ETHUSDT, пропускаем
2025-06-02 21:44:43,190 [INFO] HTTP Request: POST https://api.telegram.org/bot7845225008:AAG86ydZRTucCHIYtrksBwq46O-FDazF5-8/sendPhoto "HTTP/1.1 200 OK"
2025-06-02 21:44:52,643 [INFO] HTTP Request: POST https://api.telegram.org/bot7845225008:AAG86ydZRTucCHIYtrksBwq46O-FDazF5-8/getUpdates "HTTP/1.1 200 OK"
2025-06-02 22:22:51,619 [INFO] Соединение с Binance установлено. Время сервера: 2025-06-02 22:22:49.618000
2025-06-02 22:22:51,620 [INFO] Запуск с Telegram интеграцией...
2025-06-02 22:22:51,962 [INFO] Загрузка исторических данных для ETHUSDT
2025-06-02 22:22:52,330 [INFO] Обучение модели для ETHUSDT
2025-06-02 22:22:52,519 [INFO] Обучение модели rf
2025-06-02 22:22:52,692 [INFO] Обучение модели xgb
2025-06-02 22:22:52,859 [INFO] Fold 1 AUC: 0.4842
2025-06-02 22:22:52,860 [INFO] Обучение модели rf
2025-06-02 22:22:53,076 [INFO] Обучение модели xgb
2025-06-02 22:22:53,179 [INFO] Fold 2 AUC: 0.5899
2025-06-02 22:22:53,179 [INFO] Обучение модели rf
2025-06-02 22:22:53,388 [INFO] Обучение модели xgb
2025-06-02 22:22:53,513 [INFO] Fold 3 AUC: 0.6328
2025-06-02 22:22:53,513 [INFO] Обучение модели rf
2025-06-02 22:22:53,717 [INFO] Обучение модели xgb
2025-06-02 22:22:53,876 [INFO] Fold 4 AUC: 0.5019
2025-06-02 22:22:53,876 [INFO] Обучение модели rf
2025-06-02 22:22:54,079 [INFO] Обучение модели xgb
2025-06-02 22:22:54,250 [INFO] Fold 5 AUC: 0.6089
2025-06-02 22:22:54,250 [INFO] Обучение модели rf
2025-06-02 22:22:54,461 [INFO] Обучение модели xgb
2025-06-02 22:22:54,654 [INFO] Fold 6 AUC: 0.7747
2025-06-02 22:22:54,655 [INFO] Обучение модели rf
2025-06-02 22:22:54,906 [INFO] Обучение модели xgb
2025-06-02 22:22:55,112 [INFO] Fold 7 AUC: 0.6319
2025-06-02 22:22:55,112 [INFO] Обучение модели rf
2025-06-02 22:22:55,334 [INFO] Обучение модели xgb
2025-06-02 22:22:55,553 [INFO] Fold 8 AUC: 0.6104
2025-06-02 22:22:55,553 [INFO] Обучение модели rf
2025-06-02 22:22:55,786 [INFO] Обучение модели xgb
2025-06-02 22:22:56,022 [INFO] Fold 9 AUC: 0.7070
2025-06-02 22:22:56,022 [INFO] Обучение модели rf
2025-06-02 22:22:56,250 [INFO] Обучение модели xgb
2025-06-02 22:22:56,479 [INFO] Fold 10 AUC: 0.3957
2025-06-02 22:22:56,479 [INFO] Модель обучена. Средний AUC: 0.5937, Лучший AUC: 0.7747
2025-06-02 22:22:56,483 [INFO] Топ-15 важных признаков:
                      feature  importance
1                    bb_lower    0.048685
46        volatility_ratio_20    0.043219
4                        vwap    0.042312
36              return_std_20    0.041286
39         volume_price_trend    0.036585
49          fractal_dimension    0.036235
21               ema_50_slope    0.032554
37             return_skew_20    0.030578
20                ma_50_slope    0.030533
18                 return_60m    0.030180
22            price_to_ema_50    0.029649
40  accumulation_distribution    0.029465
5                   volume_ma    0.025578
3                         mfi    0.024806
33                momentum_50    0.024161
2025-06-02 22:22:56,484 [INFO] Валидация модели для ETHUSDT
2025-06-02 22:22:56,604 [INFO] Запуск упрощенного бэктеста
2025-06-02 22:23:21,153 [INFO] Упрощенный бэктест завершен, сделок: 0
2025-06-02 22:23:21,154 [INFO] Результаты бэктеста для ETHUSDT: WR=50.00%, PF=1.00, Сделок=0
2025-06-02 22:23:21,154 [INFO] Модель для ETHUSDT добавлена
2025-06-02 22:23:21,154 [INFO] Успешно обучены модели для 1 символов: ['ETHUSDT']
2025-06-02 22:23:21,155 [INFO] Обновление корреляций...
2025-06-02 22:23:21,480 [WARNING] Недостаточно данных для расчета корреляций
2025-06-02 22:23:21,480 [INFO] Корреляции обновлены
2025-06-02 22:23:21,481 [INFO] Модели успешно инициализированы
2025-06-02 22:23:21,770 [ERROR] Ошибка получения баланса: APIError(code=-1021): Timestamp for this request was 1000ms ahead of the server's time.
2025-06-02 22:23:22,079 [INFO] HTTP Request: POST https://api.telegram.org/bot7845225008:AAG86ydZRTucCHIYtrksBwq46O-FDazF5-8/sendMessage "HTTP/1.1 200 OK"
2025-06-02 22:23:22,080 [INFO] Улучшенный торговый цикл запущен
2025-06-02 22:23:22,408 [WARNING] Недостаточно данных для расчета корреляций
2025-06-02 22:23:22,408 [ERROR] Ошибка в торговом цикле: 'EnhancedTradingEngine' object has no attribute 'process_symbol'
2025-06-02 22:23:22,410 [ERROR] Traceback (most recent call last):
  File "a:\ProjectPythonVsCode\CryptoPtojectV2\main.py", line 1043, in enhanced_trading_loop
    task = asyncio.create_task(trading_engine.process_symbol(symbol))
                               ^^^^^^^^^^^^^^^^^^^^^^^^^^^^^
AttributeError: 'EnhancedTradingEngine' object has no attribute 'process_symbol'

2025-06-02 22:23:22,517 [INFO] HTTP Request: POST https://api.telegram.org/bot7845225008:AAG86ydZRTucCHIYtrksBwq46O-FDazF5-8/sendMessage "HTTP/1.1 200 OK"
2025-06-02 22:23:22,663 [INFO] HTTP Request: POST https://api.telegram.org/bot7845225008:AAG86ydZRTucCHIYtrksBwq46O-FDazF5-8/getMe "HTTP/1.1 200 OK"
2025-06-02 22:23:22,664 [INFO] Application started
2025-06-02 22:23:22,739 [INFO] HTTP Request: POST https://api.telegram.org/bot7845225008:AAG86ydZRTucCHIYtrksBwq46O-FDazF5-8/deleteWebhook "HTTP/1.1 200 OK"
2025-06-02 22:23:32,981 [INFO] HTTP Request: POST https://api.telegram.org/bot7845225008:AAG86ydZRTucCHIYtrksBwq46O-FDazF5-8/getUpdates "HTTP/1.1 200 OK"
2025-06-02 22:23:43,058 [INFO] HTTP Request: POST https://api.telegram.org/bot7845225008:AAG86ydZRTucCHIYtrksBwq46O-FDazF5-8/getUpdates "HTTP/1.1 200 OK"
2025-06-02 22:23:53,139 [INFO] HTTP Request: POST https://api.telegram.org/bot7845225008:AAG86ydZRTucCHIYtrksBwq46O-FDazF5-8/getUpdates "HTTP/1.1 200 OK"
2025-06-02 22:24:03,216 [INFO] HTTP Request: POST https://api.telegram.org/bot7845225008:AAG86ydZRTucCHIYtrksBwq46O-FDazF5-8/getUpdates "HTTP/1.1 200 OK"
2025-06-02 22:28:07,639 [INFO] Соединение с Binance установлено. Время сервера: 2025-06-02 22:28:05.677000
2025-06-02 22:28:07,640 [INFO] Запуск с Telegram интеграцией...
2025-06-02 22:28:07,981 [INFO] Загрузка исторических данных для ETHUSDT
2025-06-02 22:28:08,529 [INFO] Обучение модели для ETHUSDT
2025-06-02 22:28:08,705 [INFO] Обучение модели rf
2025-06-02 22:28:08,882 [INFO] Обучение модели xgb
2025-06-02 22:28:09,038 [INFO] Fold 1 AUC: 0.4842
2025-06-02 22:28:09,038 [INFO] Обучение модели rf
2025-06-02 22:28:09,240 [INFO] Обучение модели xgb
2025-06-02 22:28:09,328 [INFO] Fold 2 AUC: 0.5899
2025-06-02 22:28:09,328 [INFO] Обучение модели rf
2025-06-02 22:28:09,528 [INFO] Обучение модели xgb
2025-06-02 22:28:09,652 [INFO] Fold 3 AUC: 0.6328
2025-06-02 22:28:09,652 [INFO] Обучение модели rf
2025-06-02 22:28:09,854 [INFO] Обучение модели xgb
2025-06-02 22:28:10,032 [INFO] Fold 4 AUC: 0.5019
2025-06-02 22:28:10,032 [INFO] Обучение модели rf
2025-06-02 22:28:10,259 [INFO] Обучение модели xgb
2025-06-02 22:28:10,461 [INFO] Fold 5 AUC: 0.6089
2025-06-02 22:28:10,461 [INFO] Обучение модели rf
2025-06-02 22:28:10,680 [INFO] Обучение модели xgb
2025-06-02 22:28:10,875 [INFO] Fold 6 AUC: 0.7747
2025-06-02 22:28:10,875 [INFO] Обучение модели rf
2025-06-02 22:28:11,079 [INFO] Обучение модели xgb
2025-06-02 22:28:11,308 [INFO] Fold 7 AUC: 0.6319
2025-06-02 22:28:11,308 [INFO] Обучение модели rf
2025-06-02 22:28:11,527 [INFO] Обучение модели xgb
2025-06-02 22:28:11,743 [INFO] Fold 8 AUC: 0.6104
2025-06-02 22:28:11,744 [INFO] Обучение модели rf
2025-06-02 22:28:11,962 [INFO] Обучение модели xgb
2025-06-02 22:28:12,194 [INFO] Fold 9 AUC: 0.7070
2025-06-02 22:28:12,195 [INFO] Обучение модели rf
2025-06-02 22:28:12,432 [INFO] Обучение модели xgb
2025-06-02 22:28:12,763 [INFO] Fold 10 AUC: 0.3957
2025-06-02 22:28:12,763 [INFO] Модель обучена. Средний AUC: 0.5937, Лучший AUC: 0.7747
2025-06-02 22:28:12,767 [INFO] Топ-15 важных признаков:
                      feature  importance
1                    bb_lower    0.048685
46        volatility_ratio_20    0.043219
4                        vwap    0.042312
36              return_std_20    0.041286
39         volume_price_trend    0.036585
49          fractal_dimension    0.036235
21               ema_50_slope    0.032554
37             return_skew_20    0.030578
20                ma_50_slope    0.030533
18                 return_60m    0.030180
22            price_to_ema_50    0.029649
40  accumulation_distribution    0.029465
5                   volume_ma    0.025578
3                         mfi    0.024806
33                momentum_50    0.024161
2025-06-02 22:28:12,769 [INFO] Валидация модели для ETHUSDT
2025-06-02 22:28:12,909 [INFO] Запуск упрощенного бэктеста
2025-06-02 22:28:36,683 [INFO] Упрощенный бэктест завершен, сделок: 0
2025-06-02 22:28:36,684 [INFO] Результаты бэктеста для ETHUSDT: WR=50.00%, PF=1.00, Сделок=0
2025-06-02 22:28:36,684 [INFO] Модель для ETHUSDT добавлена
2025-06-02 22:28:36,685 [INFO] Успешно обучены модели для 1 символов: ['ETHUSDT']
2025-06-02 22:28:36,685 [INFO] Обновление корреляций...
2025-06-02 22:28:37,037 [WARNING] Недостаточно данных для расчета корреляций
2025-06-02 22:28:37,037 [INFO] Корреляции обновлены
2025-06-02 22:28:37,037 [INFO] Модели успешно инициализированы
2025-06-02 22:28:37,336 [ERROR] Ошибка получения баланса: APIError(code=-1021): Timestamp for this request was 1000ms ahead of the server's time.
2025-06-02 22:28:37,630 [INFO] HTTP Request: POST https://api.telegram.org/bot7845225008:AAG86ydZRTucCHIYtrksBwq46O-FDazF5-8/sendMessage "HTTP/1.1 200 OK"
2025-06-02 22:28:37,631 [INFO] Улучшенный торговый цикл запущен
2025-06-02 22:28:37,981 [WARNING] Недостаточно данных для расчета корреляций
2025-06-02 22:28:38,320 [ERROR] Ошибка в predict_enhanced_direction: calculate_enhanced_indicators() takes 1 positional argument but 2 were given
2025-06-02 22:28:38,321 [ERROR] Traceback (most recent call last):
  File "a:\ProjectPythonVsCode\CryptoPtojectV2\ml_models.py", line 496, in predict_enhanced_direction
    df_feat = calculate_enhanced_indicators(df, commission)
              ^^^^^^^^^^^^^^^^^^^^^^^^^^^^^^^^^^^^^^^^^^^^^
TypeError: calculate_enhanced_indicators() takes 1 positional argument but 2 were given

2025-06-02 22:28:38,322 [INFO] [ETHUSDT] Сигнал: HOLD, Уверенность: 0.00, Причина: Слабый сигнал: -0.48, сила: 0.15
2025-06-02 22:28:38,322 [ERROR] Ошибка в торговом цикле: '<=' not supported between instances of 'str' and 'int'
2025-06-02 22:28:38,335 [ERROR] Traceback (most recent call last):
  File "a:\ProjectPythonVsCode\CryptoPtojectV2\main.py", line 1123, in enhanced_trading_loop
    await asyncio.sleep(UPDATE_INTERVAL_SEC)
  File "C:\Users\salbi\AppData\Local\Programs\Python\Python312\Lib\asyncio\tasks.py", line 655, in sleep
    if delay <= 0:
       ^^^^^^^^^^
TypeError: '<=' not supported between instances of 'str' and 'int'

2025-06-02 22:28:38,420 [INFO] HTTP Request: POST https://api.telegram.org/bot7845225008:AAG86ydZRTucCHIYtrksBwq46O-FDazF5-8/getMe "HTTP/1.1 200 OK"
2025-06-02 22:28:38,420 [INFO] Application started
2025-06-02 22:28:38,504 [INFO] HTTP Request: POST https://api.telegram.org/bot7845225008:AAG86ydZRTucCHIYtrksBwq46O-FDazF5-8/deleteWebhook "HTTP/1.1 200 OK"
2025-06-02 22:28:38,577 [INFO] HTTP Request: POST https://api.telegram.org/bot7845225008:AAG86ydZRTucCHIYtrksBwq46O-FDazF5-8/sendMessage "HTTP/1.1 400 Bad Request"
2025-06-02 22:28:38,577 [ERROR] Ошибка отправки уведомления: Can't parse entities: unsupported start tag "='" at byte offset 99
2025-06-02 22:28:48,717 [INFO] HTTP Request: POST https://api.telegram.org/bot7845225008:AAG86ydZRTucCHIYtrksBwq46O-FDazF5-8/getUpdates "HTTP/1.1 200 OK"
2025-06-02 22:28:58,787 [INFO] HTTP Request: POST https://api.telegram.org/bot7845225008:AAG86ydZRTucCHIYtrksBwq46O-FDazF5-8/getUpdates "HTTP/1.1 200 OK"
2025-06-02 22:29:08,858 [INFO] HTTP Request: POST https://api.telegram.org/bot7845225008:AAG86ydZRTucCHIYtrksBwq46O-FDazF5-8/getUpdates "HTTP/1.1 200 OK"
2025-06-02 22:29:18,928 [INFO] HTTP Request: POST https://api.telegram.org/bot7845225008:AAG86ydZRTucCHIYtrksBwq46O-FDazF5-8/getUpdates "HTTP/1.1 200 OK"
2025-06-02 22:29:29,008 [INFO] HTTP Request: POST https://api.telegram.org/bot7845225008:AAG86ydZRTucCHIYtrksBwq46O-FDazF5-8/getUpdates "HTTP/1.1 200 OK"
2025-06-02 22:29:38,931 [WARNING] Недостаточно данных для расчета корреляций
2025-06-02 22:29:39,269 [ERROR] Ошибка в predict_enhanced_direction: calculate_enhanced_indicators() takes 1 positional argument but 2 were given
2025-06-02 22:29:39,269 [ERROR] Traceback (most recent call last):
  File "a:\ProjectPythonVsCode\CryptoPtojectV2\ml_models.py", line 496, in predict_enhanced_direction
    df_feat = calculate_enhanced_indicators(df, commission)
              ^^^^^^^^^^^^^^^^^^^^^^^^^^^^^^^^^^^^^^^^^^^^^
TypeError: calculate_enhanced_indicators() takes 1 positional argument but 2 were given

2025-06-02 22:29:39,270 [INFO] [ETHUSDT] Сигнал: HOLD, Уверенность: 0.00, Причина: Слабый сигнал: -0.48, сила: 0.15
2025-06-02 22:29:39,270 [ERROR] Ошибка в торговом цикле: '<=' not supported between instances of 'str' and 'int'
2025-06-02 22:29:39,270 [ERROR] Traceback (most recent call last):
  File "a:\ProjectPythonVsCode\CryptoPtojectV2\main.py", line 1123, in enhanced_trading_loop
    await asyncio.sleep(UPDATE_INTERVAL_SEC)
  File "C:\Users\salbi\AppData\Local\Programs\Python\Python312\Lib\asyncio\tasks.py", line 655, in sleep
    if delay <= 0:
       ^^^^^^^^^^
TypeError: '<=' not supported between instances of 'str' and 'int'

2025-06-02 22:29:39,271 [INFO] HTTP Request: POST https://api.telegram.org/bot7845225008:AAG86ydZRTucCHIYtrksBwq46O-FDazF5-8/getUpdates "HTTP/1.1 200 OK"
2025-06-02 22:29:39,529 [INFO] HTTP Request: POST https://api.telegram.org/bot7845225008:AAG86ydZRTucCHIYtrksBwq46O-FDazF5-8/sendMessage "HTTP/1.1 400 Bad Request"
2025-06-02 22:29:39,529 [ERROR] Ошибка отправки уведомления: Can't parse entities: unsupported start tag "='" at byte offset 99
2025-06-02 22:29:49,339 [INFO] HTTP Request: POST https://api.telegram.org/bot7845225008:AAG86ydZRTucCHIYtrksBwq46O-FDazF5-8/getUpdates "HTTP/1.1 200 OK"
2025-06-02 22:29:59,408 [INFO] HTTP Request: POST https://api.telegram.org/bot7845225008:AAG86ydZRTucCHIYtrksBwq46O-FDazF5-8/getUpdates "HTTP/1.1 200 OK"
2025-06-02 22:30:09,475 [INFO] HTTP Request: POST https://api.telegram.org/bot7845225008:AAG86ydZRTucCHIYtrksBwq46O-FDazF5-8/getUpdates "HTTP/1.1 200 OK"
2025-06-02 22:30:19,547 [INFO] HTTP Request: POST https://api.telegram.org/bot7845225008:AAG86ydZRTucCHIYtrksBwq46O-FDazF5-8/getUpdates "HTTP/1.1 200 OK"
2025-06-02 22:30:29,617 [INFO] HTTP Request: POST https://api.telegram.org/bot7845225008:AAG86ydZRTucCHIYtrksBwq46O-FDazF5-8/getUpdates "HTTP/1.1 200 OK"
2025-06-02 22:30:39,885 [WARNING] Недостаточно данных для расчета корреляций
2025-06-02 22:30:40,223 [ERROR] Ошибка в predict_enhanced_direction: calculate_enhanced_indicators() takes 1 positional argument but 2 were given
2025-06-02 22:30:40,224 [ERROR] Traceback (most recent call last):
  File "a:\ProjectPythonVsCode\CryptoPtojectV2\ml_models.py", line 496, in predict_enhanced_direction
    df_feat = calculate_enhanced_indicators(df, commission)
              ^^^^^^^^^^^^^^^^^^^^^^^^^^^^^^^^^^^^^^^^^^^^^
TypeError: calculate_enhanced_indicators() takes 1 positional argument but 2 were given

2025-06-02 22:30:40,224 [INFO] [ETHUSDT] Сигнал: HOLD, Уверенность: 0.00, Причина: Слабый сигнал: 0.24, сила: 0.21
2025-06-02 22:30:40,225 [INFO] HTTP Request: POST https://api.telegram.org/bot7845225008:AAG86ydZRTucCHIYtrksBwq46O-FDazF5-8/getUpdates "HTTP/1.1 200 OK"
2025-06-02 22:30:40,225 [ERROR] Ошибка в торговом цикле: '<=' not supported between instances of 'str' and 'int'
2025-06-02 22:30:40,226 [ERROR] Traceback (most recent call last):
  File "a:\ProjectPythonVsCode\CryptoPtojectV2\main.py", line 1123, in enhanced_trading_loop
    await asyncio.sleep(UPDATE_INTERVAL_SEC)
  File "C:\Users\salbi\AppData\Local\Programs\Python\Python312\Lib\asyncio\tasks.py", line 655, in sleep
    if delay <= 0:
       ^^^^^^^^^^
TypeError: '<=' not supported between instances of 'str' and 'int'

2025-06-02 22:30:40,458 [INFO] HTTP Request: POST https://api.telegram.org/bot7845225008:AAG86ydZRTucCHIYtrksBwq46O-FDazF5-8/sendMessage "HTTP/1.1 400 Bad Request"
2025-06-02 22:30:40,458 [ERROR] Ошибка отправки уведомления: Can't parse entities: unsupported start tag "='" at byte offset 99
2025-06-02 22:30:50,293 [INFO] HTTP Request: POST https://api.telegram.org/bot7845225008:AAG86ydZRTucCHIYtrksBwq46O-FDazF5-8/getUpdates "HTTP/1.1 200 OK"
2025-06-02 22:31:00,366 [INFO] HTTP Request: POST https://api.telegram.org/bot7845225008:AAG86ydZRTucCHIYtrksBwq46O-FDazF5-8/getUpdates "HTTP/1.1 200 OK"
2025-06-02 22:31:10,437 [INFO] HTTP Request: POST https://api.telegram.org/bot7845225008:AAG86ydZRTucCHIYtrksBwq46O-FDazF5-8/getUpdates "HTTP/1.1 200 OK"
2025-06-02 22:31:20,503 [INFO] HTTP Request: POST https://api.telegram.org/bot7845225008:AAG86ydZRTucCHIYtrksBwq46O-FDazF5-8/getUpdates "HTTP/1.1 200 OK"
2025-06-02 22:31:30,570 [INFO] HTTP Request: POST https://api.telegram.org/bot7845225008:AAG86ydZRTucCHIYtrksBwq46O-FDazF5-8/getUpdates "HTTP/1.1 200 OK"
2025-06-02 22:31:40,825 [WARNING] Недостаточно данных для расчета корреляций
2025-06-02 22:31:41,169 [ERROR] Ошибка в predict_enhanced_direction: calculate_enhanced_indicators() takes 1 positional argument but 2 were given
2025-06-02 22:31:41,169 [ERROR] Traceback (most recent call last):
  File "a:\ProjectPythonVsCode\CryptoPtojectV2\ml_models.py", line 496, in predict_enhanced_direction
    df_feat = calculate_enhanced_indicators(df, commission)
              ^^^^^^^^^^^^^^^^^^^^^^^^^^^^^^^^^^^^^^^^^^^^^
TypeError: calculate_enhanced_indicators() takes 1 positional argument but 2 were given

2025-06-02 22:31:41,170 [INFO] [ETHUSDT] Сигнал: HOLD, Уверенность: 0.00, Причина: Слабый сигнал: -0.47, сила: 0.15
2025-06-02 22:31:41,171 [INFO] HTTP Request: POST https://api.telegram.org/bot7845225008:AAG86ydZRTucCHIYtrksBwq46O-FDazF5-8/getUpdates "HTTP/1.1 200 OK"
2025-06-02 22:31:41,171 [ERROR] Ошибка в торговом цикле: '<=' not supported between instances of 'str' and 'int'
2025-06-02 22:31:41,171 [ERROR] Traceback (most recent call last):
  File "a:\ProjectPythonVsCode\CryptoPtojectV2\main.py", line 1123, in enhanced_trading_loop
    await asyncio.sleep(UPDATE_INTERVAL_SEC)
  File "C:\Users\salbi\AppData\Local\Programs\Python\Python312\Lib\asyncio\tasks.py", line 655, in sleep
    if delay <= 0:
       ^^^^^^^^^^
TypeError: '<=' not supported between instances of 'str' and 'int'

2025-06-02 22:31:41,407 [INFO] HTTP Request: POST https://api.telegram.org/bot7845225008:AAG86ydZRTucCHIYtrksBwq46O-FDazF5-8/sendMessage "HTTP/1.1 400 Bad Request"
2025-06-02 22:31:41,408 [ERROR] Ошибка отправки уведомления: Can't parse entities: unsupported start tag "='" at byte offset 99
2025-06-02 22:31:51,241 [INFO] HTTP Request: POST https://api.telegram.org/bot7845225008:AAG86ydZRTucCHIYtrksBwq46O-FDazF5-8/getUpdates "HTTP/1.1 200 OK"
2025-06-02 22:32:01,307 [INFO] HTTP Request: POST https://api.telegram.org/bot7845225008:AAG86ydZRTucCHIYtrksBwq46O-FDazF5-8/getUpdates "HTTP/1.1 200 OK"
2025-06-02 22:32:11,374 [INFO] HTTP Request: POST https://api.telegram.org/bot7845225008:AAG86ydZRTucCHIYtrksBwq46O-FDazF5-8/getUpdates "HTTP/1.1 200 OK"
2025-06-02 22:32:21,444 [INFO] HTTP Request: POST https://api.telegram.org/bot7845225008:AAG86ydZRTucCHIYtrksBwq46O-FDazF5-8/getUpdates "HTTP/1.1 200 OK"
2025-06-02 22:32:31,516 [INFO] HTTP Request: POST https://api.telegram.org/bot7845225008:AAG86ydZRTucCHIYtrksBwq46O-FDazF5-8/getUpdates "HTTP/1.1 200 OK"
2025-06-02 22:32:42,187 [WARNING] Недостаточно данных для расчета корреляций
2025-06-02 22:32:42,533 [ERROR] Ошибка в predict_enhanced_direction: calculate_enhanced_indicators() takes 1 positional argument but 2 were given
2025-06-02 22:32:42,534 [ERROR] Traceback (most recent call last):
  File "a:\ProjectPythonVsCode\CryptoPtojectV2\ml_models.py", line 496, in predict_enhanced_direction
    df_feat = calculate_enhanced_indicators(df)
              ^^^^^^^^^^^^^^^^^^^^^^^^^^^^^^^^^^
TypeError: calculate_enhanced_indicators() takes 1 positional argument but 2 were given

2025-06-02 22:32:42,535 [INFO] [ETHUSDT] Сигнал: HOLD, Уверенность: 0.00, Причина: Слабый сигнал: -0.47, сила: 0.15
2025-06-02 22:32:42,535 [INFO] HTTP Request: POST https://api.telegram.org/bot7845225008:AAG86ydZRTucCHIYtrksBwq46O-FDazF5-8/getUpdates "HTTP/1.1 200 OK"
2025-06-02 22:32:42,535 [ERROR] Ошибка в торговом цикле: '<=' not supported between instances of 'str' and 'int'
2025-06-02 22:32:42,536 [ERROR] Traceback (most recent call last):
  File "a:\ProjectPythonVsCode\CryptoPtojectV2\main.py", line 1123, in enhanced_trading_loop
    await asyncio.sleep(UPDATE_INTERVAL_SEC)
  File "C:\Users\salbi\AppData\Local\Programs\Python\Python312\Lib\asyncio\tasks.py", line 655, in sleep
    if delay <= 0:
       ^^^^^^^^^^
TypeError: '<=' not supported between instances of 'str' and 'int'

2025-06-02 22:32:42,767 [INFO] HTTP Request: POST https://api.telegram.org/bot7845225008:AAG86ydZRTucCHIYtrksBwq46O-FDazF5-8/sendMessage "HTTP/1.1 400 Bad Request"
2025-06-02 22:32:42,767 [ERROR] Ошибка отправки уведомления: Can't parse entities: unsupported start tag "='" at byte offset 99
2025-06-02 22:32:52,604 [INFO] HTTP Request: POST https://api.telegram.org/bot7845225008:AAG86ydZRTucCHIYtrksBwq46O-FDazF5-8/getUpdates "HTTP/1.1 200 OK"
2025-06-02 22:33:02,671 [INFO] HTTP Request: POST https://api.telegram.org/bot7845225008:AAG86ydZRTucCHIYtrksBwq46O-FDazF5-8/getUpdates "HTTP/1.1 200 OK"
2025-06-02 22:33:12,738 [INFO] HTTP Request: POST https://api.telegram.org/bot7845225008:AAG86ydZRTucCHIYtrksBwq46O-FDazF5-8/getUpdates "HTTP/1.1 200 OK"
2025-06-02 22:33:24,108 [INFO] Соединение с Binance установлено. Время сервера: 2025-06-02 22:33:22.112000
2025-06-02 22:34:44,992 [INFO] Соединение с Binance установлено. Время сервера: 2025-06-02 22:34:43.025000
2025-06-02 22:34:44,993 [INFO] Запуск с Telegram интеграцией...
2025-06-02 22:34:45,348 [INFO] Загрузка исторических данных для ETHUSDT
2025-06-02 22:34:45,759 [INFO] Обучение модели для ETHUSDT
2025-06-02 22:34:45,935 [INFO] Обучение модели rf
2025-06-02 22:34:46,106 [INFO] Обучение модели xgb
2025-06-02 22:34:46,258 [INFO] Fold 1 AUC: 0.5069
2025-06-02 22:34:46,258 [INFO] Обучение модели rf
2025-06-02 22:34:46,464 [INFO] Обучение модели xgb
2025-06-02 22:34:46,568 [INFO] Fold 2 AUC: 0.4980
2025-06-02 22:34:46,568 [INFO] Обучение модели rf
2025-06-02 22:34:46,775 [INFO] Обучение модели xgb
2025-06-02 22:34:46,900 [INFO] Fold 3 AUC: 0.6054
2025-06-02 22:34:46,901 [INFO] Обучение модели rf
2025-06-02 22:34:47,106 [INFO] Обучение модели xgb
2025-06-02 22:34:47,268 [INFO] Fold 4 AUC: 0.7289
2025-06-02 22:34:47,269 [INFO] Обучение модели rf
2025-06-02 22:34:47,490 [INFO] Обучение модели xgb
2025-06-02 22:34:47,676 [INFO] Fold 5 AUC: 0.5598
2025-06-02 22:34:47,676 [INFO] Обучение модели rf
2025-06-02 22:34:47,895 [INFO] Обучение модели xgb
2025-06-02 22:34:48,084 [INFO] Fold 6 AUC: 0.7878
2025-06-02 22:34:48,084 [INFO] Обучение модели rf
2025-06-02 22:34:48,297 [INFO] Обучение модели xgb
2025-06-02 22:34:48,496 [INFO] Fold 7 AUC: 0.6185
2025-06-02 22:34:48,496 [INFO] Обучение модели rf
2025-06-02 22:34:48,714 [INFO] Обучение модели xgb
2025-06-02 22:34:48,968 [INFO] Fold 8 AUC: 0.5974
2025-06-02 22:34:48,969 [INFO] Обучение модели rf
2025-06-02 22:34:49,190 [INFO] Обучение модели xgb
2025-06-02 22:34:49,416 [INFO] Fold 9 AUC: 0.7661
2025-06-02 22:34:49,416 [INFO] Обучение модели rf
2025-06-02 22:34:49,644 [INFO] Обучение модели xgb
2025-06-02 22:34:49,884 [INFO] Fold 10 AUC: 0.4323
2025-06-02 22:34:49,884 [INFO] Модель обучена. Средний AUC: 0.6101, Лучший AUC: 0.7878
2025-06-02 22:34:49,888 [INFO] Топ-15 важных признаков:
                      feature  importance
35              return_std_20    0.046710
1                    bb_lower    0.045459
4                        vwap    0.037120
39         volume_price_trend    0.036098
22            price_to_ema_50    0.031199
18                 return_60m    0.030754
47               strong_trend    0.030753
38              return_std_50    0.029895
36             return_skew_20    0.029425
20                ma_50_slope    0.029040
40  accumulation_distribution    0.028704
27           is_asian_session    0.028381
33              return_std_10    0.028009
21               ema_50_slope    0.027821
37             return_mean_50    0.027434
2025-06-02 22:34:49,890 [INFO] Валидация модели для ETHUSDT
2025-06-02 22:34:50,008 [INFO] Запуск упрощенного бэктеста
2025-06-02 22:35:13,469 [INFO] Упрощенный бэктест завершен, сделок: 0
2025-06-02 22:35:13,469 [INFO] Результаты бэктеста для ETHUSDT: WR=50.00%, PF=1.00, Сделок=0
2025-06-02 22:35:13,469 [INFO] Модель для ETHUSDT добавлена
2025-06-02 22:35:13,469 [INFO] Успешно обучены модели для 1 символов: ['ETHUSDT']
2025-06-02 22:35:13,469 [INFO] Обновление корреляций...
2025-06-02 22:35:13,826 [WARNING] Недостаточно данных для расчета корреляций
2025-06-02 22:35:13,826 [INFO] Корреляции обновлены
2025-06-02 22:35:13,827 [INFO] Модели успешно инициализированы
2025-06-02 22:35:14,135 [ERROR] Ошибка получения баланса: APIError(code=-1021): Timestamp for this request was 1000ms ahead of the server's time.
2025-06-02 22:35:14,448 [INFO] HTTP Request: POST https://api.telegram.org/bot7845225008:AAG86ydZRTucCHIYtrksBwq46O-FDazF5-8/sendMessage "HTTP/1.1 200 OK"
2025-06-02 22:35:14,448 [INFO] Улучшенный торговый цикл запущен
2025-06-02 22:35:14,805 [WARNING] Недостаточно данных для расчета корреляций
2025-06-02 22:35:15,167 [INFO] [ETHUSDT] Сигнал: HOLD, Уверенность: 0.00, Причина: Слабый сигнал: -0.11, сила: 0.20
2025-06-02 22:35:15,246 [INFO] HTTP Request: POST https://api.telegram.org/bot7845225008:AAG86ydZRTucCHIYtrksBwq46O-FDazF5-8/getMe "HTTP/1.1 200 OK"
2025-06-02 22:35:15,247 [INFO] Application started
2025-06-02 22:35:15,328 [INFO] HTTP Request: POST https://api.telegram.org/bot7845225008:AAG86ydZRTucCHIYtrksBwq46O-FDazF5-8/deleteWebhook "HTTP/1.1 200 OK"
2025-06-02 22:35:25,562 [INFO] HTTP Request: POST https://api.telegram.org/bot7845225008:AAG86ydZRTucCHIYtrksBwq46O-FDazF5-8/getUpdates "HTTP/1.1 200 OK"
2025-06-02 22:35:35,637 [INFO] HTTP Request: POST https://api.telegram.org/bot7845225008:AAG86ydZRTucCHIYtrksBwq46O-FDazF5-8/getUpdates "HTTP/1.1 200 OK"
2025-06-02 22:35:45,713 [INFO] HTTP Request: POST https://api.telegram.org/bot7845225008:AAG86ydZRTucCHIYtrksBwq46O-FDazF5-8/getUpdates "HTTP/1.1 200 OK"
2025-06-02 22:35:55,788 [INFO] HTTP Request: POST https://api.telegram.org/bot7845225008:AAG86ydZRTucCHIYtrksBwq46O-FDazF5-8/getUpdates "HTTP/1.1 200 OK"
2025-06-02 22:36:05,862 [INFO] HTTP Request: POST https://api.telegram.org/bot7845225008:AAG86ydZRTucCHIYtrksBwq46O-FDazF5-8/getUpdates "HTTP/1.1 200 OK"
2025-06-02 22:36:15,532 [WARNING] Недостаточно данных для расчета корреляций
2025-06-02 22:36:15,898 [INFO] [ETHUSDT] Сигнал: HOLD, Уверенность: 0.00, Причина: Слабый сигнал: -0.47, сила: 0.15
2025-06-02 22:36:15,938 [INFO] HTTP Request: POST https://api.telegram.org/bot7845225008:AAG86ydZRTucCHIYtrksBwq46O-FDazF5-8/getUpdates "HTTP/1.1 200 OK"
2025-06-02 22:36:26,013 [INFO] HTTP Request: POST https://api.telegram.org/bot7845225008:AAG86ydZRTucCHIYtrksBwq46O-FDazF5-8/getUpdates "HTTP/1.1 200 OK"
